[23Mar2024 20:21:57.235] [main/INFO] [cpw.mods.modlauncher.Launcher/MODLAUNCHER]: ModLauncher running: args [--mod, examplemod, --all, --output, D:\Forge 1.16.5 MDK\src\generated\resources, --existing, D:\Forge 1.16.5 MDK\src\main\resources, --gameDir, ., --launchTarget, fmluserdevdata, --fml.mcpVersion, 20210115.111550, --fml.mcVersion, 1.16.5, --fml.forgeGroup, net.minecraftforge, --fml.forgeVersion, 36.2.42, --assetIndex, 1.16, --assetsDir, C:\Users\Daniel\.gradle\caches\forge_gradle\assets]
[23Mar2024 20:21:57.241] [main/INFO] [cpw.mods.modlauncher.Launcher/MODLAUNCHER]: ModLauncher 8.1.3+8.1.3+main-8.1.x.c94d18ec starting: java version 1.8.0_202 by Oracle Corporation
[23Mar2024 20:21:58.011] [main/INFO] [net.minecraftforge.fml.loading.FixSSL/CORE]: Added Lets Encrypt root certificates as additional trust
[23Mar2024 20:21:58.078] [main/INFO] [mixin/]: SpongePowered MIXIN Subsystem Version=0.8.4 Source=file:/C:/Users/Daniel/.gradle/caches/modules-2/files-2.1/org.spongepowered/mixin/0.8.4/4ec7d77d9ab32596ca0b78bb123956734767e3a/mixin-0.8.4.jar Service=ModLauncher Env=CLIENT
[23Mar2024 20:21:58.148] [main/WARN] [net.minecraftforge.fml.loading.FMLConfig/CORE]: Configuration file D:\Forge 1.16.5 MDK\run-data\config\fml.toml is not correct. Correcting
[23Mar2024 20:21:58.159] [main/WARN] [net.minecraftforge.fml.loading.FMLConfig/CORE]: Incorrect key [defaultConfigPath] was corrected from null to defaultconfigs
[23Mar2024 20:21:58.697] [main/INFO] [STDERR/]: [java.lang.ThreadGroup:uncaughtException:1052]: com.electronwill.nightconfig.core.io.ParsingException: Invalid TOML data: entry "[modId]" defined twice in its table.
[23Mar2024 20:21:58.697] [main/INFO] [STDERR/]: [java.lang.ThreadGroup:uncaughtException:1052]: 	at com.electronwill.nightconfig.toml.TableParser.checkDuplicateKey(TableParser.java:88)
[23Mar2024 20:21:58.698] [main/INFO] [STDERR/]: [java.lang.ThreadGroup:uncaughtException:1052]: 	at com.electronwill.nightconfig.toml.TableParser.parseNormal(TableParser.java:59)
[23Mar2024 20:21:58.698] [main/INFO] [STDERR/]: [java.lang.ThreadGroup:uncaughtException:1052]: 	at com.electronwill.nightconfig.toml.TableParser.parseNormal(TableParser.java:101)
[23Mar2024 20:21:58.698] [main/INFO] [STDERR/]: [java.lang.ThreadGroup:uncaughtException:1052]: 	at com.electronwill.nightconfig.toml.TomlParser.parse(TomlParser.java:72)
[23Mar2024 20:21:58.699] [main/INFO] [STDERR/]: [java.lang.ThreadGroup:uncaughtException:1052]: 	at com.electronwill.nightconfig.toml.TomlParser.parse(TomlParser.java:37)
[23Mar2024 20:21:58.699] [main/INFO] [STDERR/]: [java.lang.ThreadGroup:uncaughtException:1052]: 	at com.electronwill.nightconfig.core.io.ConfigParser.parse(ConfigParser.java:113)
[23Mar2024 20:21:58.699] [main/INFO] [STDERR/]: [java.lang.ThreadGroup:uncaughtException:1052]: 	at com.electronwill.nightconfig.core.io.ConfigParser.parse(ConfigParser.java:219)
[23Mar2024 20:21:58.700] [main/INFO] [STDERR/]: [java.lang.ThreadGroup:uncaughtException:1052]: 	at com.electronwill.nightconfig.core.io.ConfigParser.parse(ConfigParser.java:202)
[23Mar2024 20:21:58.700] [main/INFO] [STDERR/]: [java.lang.ThreadGroup:uncaughtException:1052]: 	at com.electronwill.nightconfig.core.file.WriteAsyncFileConfig.load(WriteAsyncFileConfig.java:138)
[23Mar2024 20:21:58.700] [main/INFO] [STDERR/]: [java.lang.ThreadGroup:uncaughtException:1052]: 	at net.minecraftforge.fml.loading.moddiscovery.ModFileParser.modsTomlParser(ModFileParser.java:45)
[23Mar2024 20:21:58.700] [main/INFO] [STDERR/]: [java.lang.ThreadGroup:uncaughtException:1052]: 	at net.minecraftforge.fml.loading.moddiscovery.ModFileParser.readModList(ModFileParser.java:32)
[23Mar2024 20:21:58.701] [main/INFO] [STDERR/]: [java.lang.ThreadGroup:uncaughtException:1052]: 	at net.minecraftforge.fml.loading.moddiscovery.ModFile.identifyMods(ModFile.java:99)
[23Mar2024 20:21:58.701] [main/INFO] [STDERR/]: [java.lang.ThreadGroup:uncaughtException:1052]: 	at net.minecraftforge.fml.loading.moddiscovery.ModDiscoverer.discoverMods(ModDiscoverer.java:107)
[23Mar2024 20:21:58.701] [main/INFO] [STDERR/]: [java.lang.ThreadGroup:uncaughtException:1052]: 	at net.minecraftforge.fml.loading.FMLLoader.beginModScan(FMLLoader.java:202)
[23Mar2024 20:21:58.702] [main/INFO] [STDERR/]: [java.lang.ThreadGroup:uncaughtException:1052]: 	at net.minecraftforge.fml.loading.FMLServiceProvider.runScan(FMLServiceProvider.java:93)
[23Mar2024 20:21:58.702] [main/INFO] [STDERR/]: [java.lang.ThreadGroup:uncaughtException:1052]: 	at cpw.mods.modlauncher.TransformationServiceDecorator.runScan(TransformationServiceDecorator.java:114)
[23Mar2024 20:21:58.702] [main/INFO] [STDERR/]: [java.lang.ThreadGroup:uncaughtException:1052]: 	at cpw.mods.modlauncher.TransformationServicesHandler.lambda$runScanningTransformationServices$8(TransformationServicesHandler.java:115)
[23Mar2024 20:21:58.702] [main/INFO] [STDERR/]: [java.lang.ThreadGroup:uncaughtException:1052]: 	at java.util.stream.ReferencePipeline$7$1.accept(ReferencePipeline.java:267)
[23Mar2024 20:21:58.703] [main/INFO] [STDERR/]: [java.lang.ThreadGroup:uncaughtException:1052]: 	at java.util.HashMap$ValueSpliterator.forEachRemaining(HashMap.java:1628)
[23Mar2024 20:21:58.703] [main/INFO] [STDERR/]: [java.lang.ThreadGroup:uncaughtException:1052]: 	at java.util.stream.AbstractPipeline.copyInto(AbstractPipeline.java:481)
[23Mar2024 20:21:58.703] [main/INFO] [STDERR/]: [java.lang.ThreadGroup:uncaughtException:1052]: 	at java.util.stream.AbstractPipeline.wrapAndCopyInto(AbstractPipeline.java:471)
[23Mar2024 20:21:58.703] [main/INFO] [STDERR/]: [java.lang.ThreadGroup:uncaughtException:1052]: 	at java.util.stream.ReduceOps$ReduceOp.evaluateSequential(ReduceOps.java:708)
[23Mar2024 20:21:58.704] [main/INFO] [STDERR/]: [java.lang.ThreadGroup:uncaughtException:1052]: 	at java.util.stream.AbstractPipeline.evaluate(AbstractPipeline.java:234)
[23Mar2024 20:21:58.704] [main/INFO] [STDERR/]: [java.lang.ThreadGroup:uncaughtException:1052]: 	at java.util.stream.ReferencePipeline.collect(ReferencePipeline.java:499)
[23Mar2024 20:21:58.704] [main/INFO] [STDERR/]: [java.lang.ThreadGroup:uncaughtException:1052]: 	at cpw.mods.modlauncher.TransformationServicesHandler.runScanningTransformationServices(TransformationServicesHandler.java:116)
[23Mar2024 20:21:58.704] [main/INFO] [STDERR/]: [java.lang.ThreadGroup:uncaughtException:1052]: 	at cpw.mods.modlauncher.TransformationServicesHandler.initializeTransformationServices(TransformationServicesHandler.java:63)
[23Mar2024 20:21:58.705] [main/INFO] [STDERR/]: [java.lang.ThreadGroup:uncaughtException:1052]: 	at cpw.mods.modlauncher.Launcher.run(Launcher.java:76)
[23Mar2024 20:21:58.705] [main/INFO] [STDERR/]: [java.lang.ThreadGroup:uncaughtException:1052]: 	at cpw.mods.modlauncher.Launcher.main(Launcher.java:66)
[23Mar2024 20:21:58.705] [main/INFO] [STDERR/]: [java.lang.ThreadGroup:uncaughtException:1052]: 	at net.minecraftforge.userdev.LaunchTesting.main(LaunchTesting.java:94)
